<?xml version="1.0" encoding="UTF-8"?>
<!-- Generated by org.testng.reporters.JUnitXMLReporter -->
<testsuite ignored="0" hostname="AnmolPC" failures="0" tests="4" name="EdgeTest" time="100.868" errors="0" timestamp="18 May 2021 15:03:42 GMT">
  <testcase classname="testcases.RegressionTest" name="launchURL" time="41.538"/>
  <testcase classname="testcases.RegressionTest" name="upBikes" time="33.164"/>
  <testcase classname="testcases.RegressionTest" name="usedCars" time="15.316"/>
  <testcase classname="testcases.RegressionTest" name="googleSignIn" time="8.887"/>
</testsuite> <!-- EdgeTest -->
