<?xml version="1.0" encoding="UTF-8"?>
<testsuite xmlns:xsi="http://www.w3.org/2001/XMLSchema-instance" xsi:noNamespaceSchemaLocation="https://maven.apache.org/surefire/maven-surefire-plugin/xsd/surefire-test-report.xsd" name="TestSuite" time="221.004" tests="8" errors="0" skipped="0" failures="0">
  <properties>
[...]
</properties>
  <testcase name="launchURL" classname="testcases.RegressionTest" time="33.674"/>
  <testcase name="launchURL" classname="testcases.RegressionTest" time="41.543"/>
  <testcase name="upBikes" classname="testcases.RegressionTest" time="36.749"/>
  <testcase name="upBikes" classname="testcases.RegressionTest" time="33.16"/>
  <testcase name="usedCars" classname="testcases.RegressionTest" time="9.522"/>
  <testcase name="usedCars" classname="testcases.RegressionTest" time="15.316"/>
  <testcase name="googleSignIn" classname="testcases.RegressionTest" time="34.912"/>
  <testcase name="googleSignIn" classname="testcases.RegressionTest" time="8.884"/>
</testsuite>