<?xml version="1.0" encoding="UTF-8"?>
<testng-results ignored="0" total="8" passed="8" failed="0" skipped="0">
  <reporter-output>
  </reporter-output>
  <suite started-at="2021-05-18T15:00:03Z" name="Suite" finished-at="2021-05-18T15:03:42Z" duration-ms="219513">
    <groups>
    </groups>
    <test started-at="2021-05-18T15:00:03Z" name="ChromeTest" finished-at="2021-05-18T15:02:01Z" duration-ms="118588">
      <class name="testcases.RegressionTest">
        <test-method signature="launchURL(java.lang.String)[pri:0, instance:testcases.RegressionTest@4b45a2f5]" started-at="2021-05-18T15:00:03Z" name="launchURL" finished-at="2021-05-18T15:00:36Z" duration-ms="33673" status="PASS">
          <params>
            <param index="0">
              <value>
                <![CDATA[chrome]]>
              </value>
            </param>
          </params>
          <reporter-output>
          </reporter-output>
        </test-method> <!-- launchURL -->
        <test-method is-config="true" signature="afterTest()[pri:0, instance:testcases.RegressionTest@4b45a2f5]" started-at="2021-05-18T15:00:36Z" name="afterTest" finished-at="2021-05-18T15:00:36Z" duration-ms="0" status="PASS">
          <reporter-output>
          </reporter-output>
        </test-method> <!-- afterTest -->
        <test-method signature="upBikes()[pri:1, instance:testcases.RegressionTest@4b45a2f5]" started-at="2021-05-18T15:00:36Z" name="upBikes" finished-at="2021-05-18T15:01:13Z" duration-ms="36748" status="PASS">
          <reporter-output>
          </reporter-output>
        </test-method> <!-- upBikes -->
        <test-method is-config="true" signature="afterTest()[pri:0, instance:testcases.RegressionTest@4b45a2f5]" started-at="2021-05-18T15:01:13Z" name="afterTest" finished-at="2021-05-18T15:01:13Z" duration-ms="0" status="PASS">
          <reporter-output>
          </reporter-output>
        </test-method> <!-- afterTest -->
        <test-method signature="usedCars()[pri:2, instance:testcases.RegressionTest@4b45a2f5]" started-at="2021-05-18T15:01:13Z" name="usedCars" finished-at="2021-05-18T15:01:23Z" duration-ms="9521" status="PASS">
          <reporter-output>
          </reporter-output>
        </test-method> <!-- usedCars -->
        <test-method is-config="true" signature="afterTest()[pri:0, instance:testcases.RegressionTest@4b45a2f5]" started-at="2021-05-18T15:01:23Z" name="afterTest" finished-at="2021-05-18T15:01:23Z" duration-ms="1" status="PASS">
          <reporter-output>
          </reporter-output>
        </test-method> <!-- afterTest -->
        <test-method signature="googleSignIn()[pri:3, instance:testcases.RegressionTest@4b45a2f5]" started-at="2021-05-18T15:01:23Z" name="googleSignIn" finished-at="2021-05-18T15:01:57Z" duration-ms="34912" status="PASS">
          <reporter-output>
          </reporter-output>
        </test-method> <!-- googleSignIn -->
        <test-method is-config="true" signature="afterTest()[pri:0, instance:testcases.RegressionTest@4b45a2f5]" started-at="2021-05-18T15:01:57Z" name="afterTest" finished-at="2021-05-18T15:01:57Z" duration-ms="1" status="PASS">
          <reporter-output>
          </reporter-output>
        </test-method> <!-- afterTest -->
        <test-method is-config="true" signature="quitBrowser()[pri:0, instance:testcases.RegressionTest@4b45a2f5]" started-at="2021-05-18T15:01:57Z" name="quitBrowser" finished-at="2021-05-18T15:02:01Z" duration-ms="3697" status="PASS">
          <reporter-output>
          </reporter-output>
        </test-method> <!-- quitBrowser -->
      </class> <!-- testcases.RegressionTest -->
    </test> <!-- ChromeTest -->
    <test started-at="2021-05-18T15:02:01Z" name="EdgeTest" finished-at="2021-05-18T15:03:42Z" duration-ms="100868">
      <class name="testcases.RegressionTest">
        <test-method signature="launchURL(java.lang.String)[pri:0, instance:testcases.RegressionTest@6d4d66d2]" started-at="2021-05-18T15:02:01Z" name="launchURL" finished-at="2021-05-18T15:02:43Z" duration-ms="41538" status="PASS">
          <params>
            <param index="0">
              <value>
                <![CDATA[MicrosoftEdge]]>
              </value>
            </param>
          </params>
          <reporter-output>
          </reporter-output>
        </test-method> <!-- launchURL -->
        <test-method is-config="true" signature="afterTest()[pri:0, instance:testcases.RegressionTest@6d4d66d2]" started-at="2021-05-18T15:02:43Z" name="afterTest" finished-at="2021-05-18T15:02:43Z" duration-ms="0" status="PASS">
          <reporter-output>
          </reporter-output>
        </test-method> <!-- afterTest -->
        <test-method signature="upBikes()[pri:1, instance:testcases.RegressionTest@6d4d66d2]" started-at="2021-05-18T15:02:43Z" name="upBikes" finished-at="2021-05-18T15:03:16Z" duration-ms="33164" status="PASS">
          <reporter-output>
          </reporter-output>
        </test-method> <!-- upBikes -->
        <test-method signature="usedCars()[pri:2, instance:testcases.RegressionTest@6d4d66d2]" started-at="2021-05-18T15:03:16Z" name="usedCars" finished-at="2021-05-18T15:03:31Z" duration-ms="15316" status="PASS">
          <reporter-output>
          </reporter-output>
        </test-method> <!-- usedCars -->
        <test-method is-config="true" signature="afterTest()[pri:0, instance:testcases.RegressionTest@6d4d66d2]" started-at="2021-05-18T15:03:16Z" name="afterTest" finished-at="2021-05-18T15:03:16Z" duration-ms="0" status="PASS">
          <reporter-output>
          </reporter-output>
        </test-method> <!-- afterTest -->
        <test-method is-config="true" signature="afterTest()[pri:0, instance:testcases.RegressionTest@6d4d66d2]" started-at="2021-05-18T15:03:31Z" name="afterTest" finished-at="2021-05-18T15:03:31Z" duration-ms="0" status="PASS">
          <reporter-output>
          </reporter-output>
        </test-method> <!-- afterTest -->
        <test-method signature="googleSignIn()[pri:3, instance:testcases.RegressionTest@6d4d66d2]" started-at="2021-05-18T15:03:31Z" name="googleSignIn" finished-at="2021-05-18T15:03:40Z" duration-ms="8887" status="PASS">
          <reporter-output>
          </reporter-output>
        </test-method> <!-- googleSignIn -->
        <test-method is-config="true" signature="quitBrowser()[pri:0, instance:testcases.RegressionTest@6d4d66d2]" started-at="2021-05-18T15:03:40Z" name="quitBrowser" finished-at="2021-05-18T15:03:42Z" duration-ms="1959" status="PASS">
          <reporter-output>
          </reporter-output>
        </test-method> <!-- quitBrowser -->
        <test-method is-config="true" signature="afterTest()[pri:0, instance:testcases.RegressionTest@6d4d66d2]" started-at="2021-05-18T15:03:40Z" name="afterTest" finished-at="2021-05-18T15:03:40Z" duration-ms="0" status="PASS">
          <reporter-output>
          </reporter-output>
        </test-method> <!-- afterTest -->
        <test-method is-config="true" signature="endReport()[pri:0, instance:testcases.RegressionTest@6d4d66d2]" started-at="2021-05-18T15:03:42Z" name="endReport" finished-at="2021-05-18T15:03:43Z" duration-ms="403" status="PASS">
          <reporter-output>
          </reporter-output>
        </test-method> <!-- endReport -->
      </class> <!-- testcases.RegressionTest -->
    </test> <!-- EdgeTest -->
  </suite> <!-- Suite -->
</testng-results>
